
2019-02-26 15:16:04
[ERROR]-[Thread: qtp1316061703-26]-[com.jfinal.core.ActionHandler.handle()]: /qrcode/unlimit?scene=&page=
java.lang.RuntimeException: java.lang.reflect.InvocationTargetException
	at com.jfinal.aop.Invocation.invoke(Invocation.java:87)
	at com.jfinal.ext.interceptor.SessionInViewInterceptor.intercept(SessionInViewInterceptor.java:44)
	at com.jfinal.aop.Invocation.invoke(Invocation.java:67)
	at com.jfinal.core.ActionHandler.handle(ActionHandler.java:78)
	at cn.orderMeal.common.kit.session.CorsHandler.handle(CorsHandler.java:13)
	at com.jfinal.core.JFinalFilter.doFilter(JFinalFilter.java:73)
	at org.eclipse.jetty.servlet.ServletHandler$CachedChain.doFilter(ServletHandler.java:1307)
	at org.apache.shiro.web.servlet.AbstractShiroFilter.executeChain(AbstractShiroFilter.java:449)
	at org.apache.shiro.web.servlet.AbstractShiroFilter$1.call(AbstractShiroFilter.java:365)
	at org.apache.shiro.subject.support.SubjectCallable.doCall(SubjectCallable.java:90)
	at org.apache.shiro.subject.support.SubjectCallable.call(SubjectCallable.java:83)
	at org.apache.shiro.subject.support.DelegatingSubject.execute(DelegatingSubject.java:387)
	at org.apache.shiro.web.servlet.AbstractShiroFilter.doFilterInternal(AbstractShiroFilter.java:362)
	at org.apache.shiro.web.servlet.OncePerRequestFilter.doFilter(OncePerRequestFilter.java:125)
	at org.eclipse.jetty.servlet.ServletHandler$CachedChain.doFilter(ServletHandler.java:1307)
	at org.eclipse.jetty.servlet.ServletHandler.doHandle(ServletHandler.java:453)
	at org.eclipse.jetty.server.handler.ScopedHandler.handle(ScopedHandler.java:137)
	at org.eclipse.jetty.security.SecurityHandler.handle(SecurityHandler.java:560)
	at org.eclipse.jetty.server.session.SessionHandler.doHandle(SessionHandler.java:231)
	at org.eclipse.jetty.server.handler.ContextHandler.doHandle(ContextHandler.java:1072)
	at org.eclipse.jetty.servlet.ServletHandler.doScope(ServletHandler.java:382)
	at org.eclipse.jetty.server.session.SessionHandler.doScope(SessionHandler.java:193)
	at org.eclipse.jetty.server.handler.ContextHandler.doScope(ContextHandler.java:1006)
	at org.eclipse.jetty.server.handler.ScopedHandler.handle(ScopedHandler.java:135)
	at org.eclipse.jetty.server.handler.HandlerWrapper.handle(HandlerWrapper.java:116)
	at org.eclipse.jetty.server.Server.handle(Server.java:365)
	at org.eclipse.jetty.server.AbstractHttpConnection.handleRequest(AbstractHttpConnection.java:485)
	at org.eclipse.jetty.server.AbstractHttpConnection.headerComplete(AbstractHttpConnection.java:926)
	at org.eclipse.jetty.server.AbstractHttpConnection$RequestHandler.headerComplete(AbstractHttpConnection.java:988)
	at org.eclipse.jetty.http.HttpParser.parseNext(HttpParser.java:635)
	at org.eclipse.jetty.http.HttpParser.parseAvailable(HttpParser.java:235)
	at org.eclipse.jetty.server.AsyncHttpConnection.handle(AsyncHttpConnection.java:82)
	at org.eclipse.jetty.io.nio.SelectChannelEndPoint.handle(SelectChannelEndPoint.java:628)
	at org.eclipse.jetty.io.nio.SelectChannelEndPoint$1.run(SelectChannelEndPoint.java:52)
	at org.eclipse.jetty.util.thread.QueuedThreadPool.runJob(QueuedThreadPool.java:608)
	at org.eclipse.jetty.util.thread.QueuedThreadPool$3.run(QueuedThreadPool.java:543)
	at java.lang.Thread.run(Thread.java:748)
Caused by: java.lang.reflect.InvocationTargetException
	at sun.reflect.NativeMethodAccessorImpl.invoke0(Native Method)
	at sun.reflect.NativeMethodAccessorImpl.invoke(NativeMethodAccessorImpl.java:62)
	at sun.reflect.DelegatingMethodAccessorImpl.invoke(DelegatingMethodAccessorImpl.java:43)
	at java.lang.reflect.Method.invoke(Method.java:498)
	at com.jfinal.aop.Invocation.invoke(Invocation.java:73)
	... 36 more
Caused by: me.chanjar.weixin.common.error.WxErrorException: {"errcode":40169,"errmsg":"invalid length for scene, or the data is not json string hint: [Yh2mZa03554711]"}
	at cn.binarywang.wx.miniapp.api.impl.WxMaServiceImpl.executeInternal(WxMaServiceImpl.java:258)
	at cn.binarywang.wx.miniapp.api.impl.WxMaServiceImpl.execute(WxMaServiceImpl.java:199)
	at cn.binarywang.wx.miniapp.api.impl.WxMaQrcodeServiceImpl.createWxaCodeUnlimit(WxMaQrcodeServiceImpl.java:89)
	at cn.binarywang.wx.miniapp.api.impl.WxMaQrcodeServiceImpl.createWxaCodeUnlimit(WxMaQrcodeServiceImpl.java:109)
	at cn.orderMeal.common.controller.QrcodeController.unlimit(QrcodeController.java:27)
	... 41 more
Caused by: me.chanjar.weixin.common.error.WxErrorException: {"errcode":40169,"errmsg":"invalid length for scene, or the data is not json string hint: [Yh2mZa03554711]"}
	at cn.binarywang.wx.miniapp.util.QrcodeRequestExecutor.execute(QrcodeRequestExecutor.java:60)
	at cn.binarywang.wx.miniapp.util.QrcodeRequestExecutor.execute(QrcodeRequestExecutor.java:30)
	at cn.binarywang.wx.miniapp.api.impl.WxMaServiceImpl.executeInternal(WxMaServiceImpl.java:238)
	... 45 more

2019-02-27 07:19:45
[WARN]-[Thread: qtp1316061703-27]-[com.jfinal.core.ActionHandler.handle()]: 404 Action Not Found: /

2019-02-27 14:46:37
[WARN]-[Thread: qtp1316061703-26]-[com.jfinal.core.ActionHandler.handle()]: 404 Action Not Found: /

2019-02-28 13:01:52
[WARN]-[Thread: qtp1316061703-25]-[com.jfinal.core.ActionHandler.handle()]: 404 Action Not Found: /

2019-02-28 13:02:00
[WARN]-[Thread: qtp1316061703-28]-[com.jfinal.core.ActionHandler.handle()]: 404 Action Not Found: /nmaplowercheck1551330120

2019-02-28 13:02:00
[WARN]-[Thread: qtp1316061703-25]-[com.jfinal.core.ActionHandler.handle()]: 404 Action Not Found: /

2019-02-28 13:02:00
[WARN]-[Thread: qtp1316061703-23]-[com.jfinal.core.ActionHandler.handle()]: 404 Action Not Found: /sdk

2019-02-28 13:02:00
[WARN]-[Thread: qtp1316061703-28]-[com.jfinal.core.ActionHandler.handle()]: 404 Action Not Found: /

2019-02-28 13:02:00
[WARN]-[Thread: qtp1316061703-23]-[com.jfinal.core.ActionHandler.handle()]: 404 Action Not Found: /HNAP1

2019-02-28 13:02:00
[WARN]-[Thread: qtp1316061703-28]-[com.jfinal.core.ActionHandler.handle()]: 404 Action Not Found: /evox/about

2019-02-28 13:02:05
[WARN]-[Thread: qtp1316061703-24]-[com.jfinal.core.ActionHandler.handle()]: 404 Action Not Found: /

2019-02-28 13:02:30
[WARN]-[Thread: qtp1316061703-24]-[com.jfinal.core.ActionHandler.handle()]: 404 Action Not Found: /

2019-02-28 13:02:31
[WARN]-[Thread: qtp1316061703-24]-[com.jfinal.core.ActionHandler.handle()]: 404 Action Not Found: /

2019-02-28 16:53:38
[WARN]-[Thread: qtp1316061703-23]-[com.jfinal.core.ActionHandler.handle()]: 404 Action Not Found: /manager/html

2019-02-28 18:14:31
[WARN]-[Thread: qtp1316061703-23]-[com.jfinal.core.ActionHandler.handle()]: 404 Action Not Found: /

2019-03-01 14:58:51
[WARN]-[Thread: qtp1316061703-23]-[com.jfinal.core.ActionHandler.handle()]: 404 Action Not Found: /
